-------------------------------------------------------------------------------
Test set: runners.Runner
-------------------------------------------------------------------------------
Tests run: 1, Failures: 1, Errors: 0, Skipped: 0, Time elapsed: 5.753 s <<< FAILURE! - in runners.Runner
Student email verification(Email verification for students)  Time elapsed: 5.248 s  <<< FAILURE!
java.lang.AssertionError: Student email is failing at index: 2

