<?xml version="1.0" encoding="UTF-8"?>
<testsuite xmlns:xsi="http://www.w3.org/2001/XMLSchema-instance" xsi:noNamespaceSchemaLocation="https://maven.apache.org/surefire/maven-surefire-plugin/xsd/surefire-test-report.xsd" name="runners.Runner" time="5.753" tests="1" errors="0" skipped="0" failures="1">
  <properties>
[...]
</properties>
  <testcase name="Student email verification" classname="Email verification for students" time="5.248">
    <failure message="Student email is failing at index: 2" type="java.lang.AssertionError">java.lang.AssertionError: Student email is failing at index: 2
</failure>
    <system-out><![CDATA[STATUS: 200
{"students":[{"id":1537,"firstName":"Adam","lastName":"Johnson","batch":11,"contact":{"contactId":1557,"phone":"8749-4897-4","emailAddress":"kjdablkj@gmail.com"},"company":{"companyId":1537,"companyName":"Chase","title":"Senior QA","startDate":"23/10/2019","address":{"addressId":1537,"street":"7378 Ontario","city":"Chicago","state":"IL","zipCode":0}}},{"id":1561,"firstName":"m","lastName":"P","batch":11,"contact":{"contactId":1581,"phone":"5134446688","emailAddress":"marry@gmail.com"},"company":{"companyId":1561,"companyName":"Chase","title":"SDET","startDate":"01/01/2018","address":{"addressId":1561,"street":"1360 N Lake Shore Dr, apt 2009","city":"Chicago","state":"IL","zipCode":60000}}},{"id":1383,"firstName":"munevver","lastName":"last name","batch":11,"contact":{"contactId":1403,"phone":"string","emailAddress":"string"},"company":{"companyId":1383,"companyName":"company","title":"SDET","startDate":"9/19/19","address":{"addressId":1383,"street":"Main","city":"Chicago","state":"IL","zipCode":26595}}},{"id":1562,"firstName":"Marry","lastName":"M","batch":11,"contact":{"contactId":1582,"phone":"5134445577","emailAddress":"marry@gmail.com"},"company":{"companyId":1562,"companyName":"Chase","title":"SDET","startDate":"12/12/2012","address":{"addressId":1562,"street":"Main","city":"Chicago","state":"IL","zipCode":60610}}},{"id":1582,"firstName":"Dan","lastName":"Smith","batch":10,"contact":{"contactId":1602,"phone":"2245556677","emailAddress":"abc@gmail.com"},"company":{"companyId":1582,"companyName":"abc","title":"QA","startDate":"02/05/2019","address":{"addressId":1582,"street":"10 Harrison str","city":"DesPlaines","state":"IL","zipCode":60032}}},{"id":1603,"firstName":"Tarik","lastName":"Gulsever","batch":10,"contact":{"contactId":1623,"phone":"1234566","emailAddress":"sBC@GMAIL.COM"},"company":{"companyId":1603,"companyName":"adv","title":"IT","startDate":"12/12/2019","address":{"addressId":1603,"street":"str","city":"chi","state":"IL","zipCode":1234}}},{"id":1608,"firstName":"Kira","lastName":"Kubil","batch":11,"contact":{"contactId":1628,"phone":"8749-4897-4","emailAddress":"kjdablkj@gmail.com"},"company":{"companyId":1608,"companyName":"Chase","title":"Senior QA","startDate":"23/10/2019","address":{"addressId":1608,"street":"7378 Ontario","city":"Chicago","state":"IL","zipCode":0}}},{"id":1388,"firstName":"Test","lastName":"Testova","batch":11,"contact":{"contactId":1408,"phone":"312 456 7897","emailAddress":"test@cybertek.com"},"company":{"companyId":1388,"companyName":"Cybertek","title":"string","startDate":"02/23/2019","address":{"addressId":1388,"street":"S River","city":"Des PLaines","state":"IL","zipCode":60600}}},{"id":1389,"firstName":"ALBERTO","lastName":"MORENO","batch":12,"contact":{"contactId":1409,"phone":"777333777","emailAddress":"kg@gmail.com"},"company":{"companyId":1389,"companyName":"BEELINE","title":"PRESIDENT","startDate":"12/12/12","address":{"addressId":1389,"street":"MANAS","city":"BISHKEK","state":"CHUI","zipCode":774455}}},{"id":1605,"firstName":"Miran","lastName":"Kubil","batch":11,"contact":{"contactId":1625,"phone":"8749-4897-4","emailAddress":"kjdablkj@gmail.com"},"company":{"companyId":1605,"companyName":"Chase","title":"Senior QA","startDate":"23/10/2019","address":{"addressId":1605,"street":"7378 Ontario","city":"Chicago","state":"IL","zipCode":0}}},{"id":1391,"firstName":"Jimmy","lastName":"John","batch":35,"contact":{"contactId":1411,"phone":"773978234","emailAddress":"sabc@gmail.com"},"company":{"companyId":1391,"companyName":"Samasung","title":"hi","startDate":"2/30/1999","address":{"addressId":1391,"street":"122 main st","city":"Chicago","state":"il","zipCode":60212}}},{"id":1392,"firstName":"Jack","lastName":"Spear","batch":555,"contact":{"contactId":1412,"phone":"6732934","emailAddress":"htir@gmail.com"},"company":{"companyId":1392,"companyName":"JPC","title":"Janitor","startDate":"09/06/1996","address":{"addressId":1392,"street":"DePache","city":"Schaumburg","state":"IL","zipCode":639443}}},{"id":1393,"firstName":"Julia","lastName":"Bernordo","batch":11,"contact":{"contactId":1413,"phone":"3125555555","emailAddress":"Julia@gmail.com"},"company":{"companyId":1393,"companyName":"Chase","title":"QA","startDate":"01/01/2020","address":{"addressId":1393,"street":"Main","city":"New York","state":"NJ","zipCode":12345}}},{"id":1394,"firstName":"Adam","lastName":"Ben","batch":25,"contact":{"contactId":1414,"phone":"23457854","emailAddress":"Adam@gmail.com"},"company":{"companyId":1394,"companyName":"Cybertek","title":"student","startDate":"08/18/19","address":{"addressId":1394,"street":"Berwyn","city":"Chicago","state":"IL","zipCode":60625}}},{"id":1395,"firstName":"Sansa","lastName":"Stark","batch":12,"contact":{"contactId":1415,"phone":"7678975656","emailAddress":"sansa.yahoo.com"},"company":{"companyId":1395,"companyName":"IronTrone","title":"Queen","startDate":"23/12/34","address":{"addressId":1395,"street":"main","city":"Westeros","state":"CA","zipCode":12344}}},{"id":1396,"firstName":"jsghj","lastName":"kjfhjf","batch":22,"contact":{"contactId":1416,"phone":"6547657634547","emailAddress":"zdjjfh@ksjjhf"},"company":{"companyId":1396,"companyName":"Cybert","title":"QA","startDate":"february","address":{"addressId":1396,"street":"blabla","city":"Park Ridge","state":"Il","zipCode":30000}}},{"id":1609,"firstName":"Kiran","lastName":"Kubil","batch":11,"contact":{"contactId":1629,"phone":"8749-4897-4","emailAddress":"kjdablkj@gmail.com"},"company":{"companyId":1609,"companyName":"Chase","title":"Senior QA","startDate":"23/10/2019","address":{"addressId":1609,"street":"7378 Ontario","city":"Chicago","state":null,"zipCode":0}}},{"id":1685,"firstName":"Muhammet ","lastName":"Yakubov","batch":12,"contact":{"contactId":1705,"phone":"778123455","emailAddress":"abc@gmail.com"},"company":{"companyId":1685,"companyName":"mersedes","title":"IT","startDate":"12/12/2019","address":{"addressId":1685,"street":"street","city":"st louis","state":"mo","zipCode":358}}},{"id":1399,"firstName":"John","lastName":"Smith","batch":34,"contact":{"contactId":1419,"phone":"12312312","emailAddress":"adfa@gmail.com"},"company":{"companyId":1399,"companyName":"Chase","title":"Automation","startDate":"12/12/2321","address":{"addressId":1399,"street":"123. some address","city":"Chicago","state":"IL","zipCode":11233}}},{"id":1688,"firstName":"Jemshit","lastName":"Yakubov","batch":10,"contact":{"contactId":1708,"phone":"12345","emailAddress":"qwerty"},"company":{"companyId":1688,"companyName":"Jemshit","title":"IT","startDate":"12/12/2019","address":{"addressId":1688,"street":"11mkr","city":null,"state":null,"zipCode":60600}}},{"id":1747,"firstName":"Smith","lastName":"John","batch":15,"contact":{"contactId":1767,"phone":"1234567890","emailAddress":"teacher@gmail.com"},"company":{"companyId":1747,"companyName":"Cybertek","title":"Teacher","startDate":"02/19/18","address":{"addressId":1747,"street":"Belmont Ave","city":"Chicago","state":"IL","zipCode":60657}}},{"id":1694,"firstName":"FENASI","lastName":"KERIM","batch":11,"contact":{"contactId":1714,"phone":"string","emailAddress":"string"},"company":{"companyId":1694,"companyName":"Cybertek","title":"string","startDate":"string","address":{"addressId":1694,"street":"Dwontown","city":"Chicago","state":"IL","zipCode":0}}},{"id":1695,"firstName":"ahmet","lastName":"KERIM","batch":11,"contact":{"contactId":1715,"phone":"string","emailAddress":"string"},"company":{"companyId":1695,"companyName":"Cybertek","title":"string","startDate":"string","address":{"addressId":1695,"street":"Dwontown","city":"Chicago","state":"IL","zipCode":0}}},{"id":1696,"firstName":"Dan","lastName":"Smith","batch":10,"contact":{"contactId":1716,"phone":"2245556677","emailAddress":"abc@gmail.com"},"company":{"companyId":1696,"companyName":"abc","title":"QA","startDate":"02/05/2019","address":{"addressId":1696,"street":"10 Harrison str","city":"DesPlaines","state":"IL","zipCode":60032}}},{"id":1489,"firstName":"Muras","lastName":"Club","batch":11,"contact":{"contactId":1509,"phone":"3122133131","emailAddress":"asd@gmail.com"},"company":{"companyId":1489,"companyName":"Cybertek","title":"student","startDate":"02/23/2019","address":{"addressId":1489,"street":"123 River rd","city":"Chicago","state":"IL","zipCode":60694}}},{"id":1741,"firstName":"Dan","lastName":"Smith","batch":10,"contact":{"contactId":1761,"phone":"2245556677","emailAddress":"abc@gmail.com"},"company":{"companyId":1741,"companyName":"abc","title":"QA","startDate":"02/05/2019","address":{"addressId":1741,"street":"10 Harrison str","city":"DesPlaines","state":"IL","zipCode":60032}}},{"id":1761,"firstName":"Dan","lastName":"Smith","batch":10,"contact":{"contactId":1781,"phone":"2245556677","emailAddress":"abc@gmail.com"},"company":{"companyId":1761,"companyName":"abc","title":"QA","startDate":"02/05/2019","address":{"addressId":1761,"street":"10 Harrison str","city":"DesPlaines","state":"IL","zipCode":60032}}},{"id":1567,"firstName":"Dan","lastName":"Smith","batch":10,"contact":{"contactId":1587,"phone":"2245556677","emailAddress":"abc@gmail.com"},"company":{"companyId":1567,"companyName":"abc","title":"QA","startDate":"02/05/2019","address":{"addressId":1567,"street":"10 Harrison str","city":"DesPlaines","state":"IL","zipCode":60032}}},{"id":1431,"firstName":"Mike","lastName":"Sabzali","batch":35,"contact":{"contactId":1451,"phone":"7312978234","emailAddress":"abc@gmail.com"},"company":{"companyId":1431,"companyName":"Apple","title":"bye","startDate":"2/30/19fgdsjk","address":{"addressId":1431,"street":"123 main st","city":"Chicago","state":"il","zipCode":60212}}},{"id":1490,"firstName":"STEVEN","lastName":"MARK","batch":19,"contact":{"contactId":1510,"phone":"222-200-2222","emailAddress":"ALICAN@GMAIL.COM"},"company":{"companyId":1490,"companyName":"MILKA","title":"DRIVER","startDate":"07/01/2019","address":{"addressId":1490,"street":"River Road","city":"Des Plaines","state":"IL","zipCode":60018}}},{"id":1497,"firstName":"Jack","lastName":"Daniel","batch":11,"contact":{"contactId":1517,"phone":"239704304832","emailAddress":"kama@gmail.com"},"company":{"companyId":1497,"companyName":"Cybertek","title":"Automation","startDate":"02/23/2019.","address":{"addressId":1497,"street":"River Road","city":"Chicago","state":"Illinois","zipCode":60016}}},{"id":1498,"firstName":"Jack","lastName":"Daniel","batch":11,"contact":{"contactId":1518,"phone":"239704304832","emailAddress":"kama@gmail.com"},"company":{"companyId":1498,"companyName":"Cybertek","title":"Automation","startDate":"02/23/2019.","address":{"addressId":1498,"street":"River Road","city":"Chicago","state":"Illinois","zipCode":60016}}},{"id":1499,"firstName":"Jack","lastName":"Daniel","batch":11,"contact":{"contactId":1519,"phone":"239704304832","emailAddress":"kama@gmail.com"},"company":{"companyId":1499,"companyName":"Cybertek","title":"Automation","startDate":"02/23/2019.","address":{"addressId":1499,"street":"River Road","city":"Chicago","state":"Illinois","zipCode":60016}}},{"id":1522,"firstName":"Emil","lastName":"Navvaro","batch":100,"contact":{"contactId":1542,"phone":"12312312323","emailAddress":"qweqwe@asdsd.com"},"company":{"companyId":1522,"companyName":"M&M","title":"cleaner","startDate":"13 april 2014","address":{"addressId":1522,"street":"Lenin","city":"Moscow","state":"Texas","zipCode":12365}}},{"id":1452,"firstName":"Elvira","lastName":"Steinhard","batch":22,"contact":{"contactId":1472,"phone":"312777555","emailAddress":"Hauptstadt@gmail.com"},"company":{"companyId":1452,"companyName":"Chase","title":"Automation","startDate":"11/11/2011","address":{"addressId":1452,"street":"9999 Sendlinger Tör","city":"Munich","state":"Germany","zipCode":11555}}},{"id":1453,"firstName":"Chung","lastName":"Chung","batch":35,"contact":{"contactId":1473,"phone":"7312978234","emailAddress":"abc@gmail.com"},"company":{"companyId":1453,"companyName":"Apple","title":"bye","startDate":"2/30/19fgdsjk","address":{"addressId":1453,"street":"123 main st","city":"Chicago","state":"il","zipCode":60212}}},{"id":1454,"firstName":"string","lastName":"string","batch":99,"contact":{"contactId":1474,"phone":"string","emailAddress":"string"},"company":{"companyId":1454,"companyName":"cyber","title":"qa","startDate":"1/1/2001","address":{"addressId":1454,"street":"sth","city":"chch","state":"ii","zipCode":56566}}},{"id":1455,"firstName":"kerem","lastName":"yakub","batch":11,"contact":{"contactId":1475,"phone":"4785623","emailAddress":"m.yht@gmail.com"},"company":{"companyId":1455,"companyName":"cybt","title":"qa","startDate":"12/5/19","address":{"addressId":1455,"street":"plum","city":"scham","state":"il","zipCode":60254}}},{"id":1484,"firstName":"yayus","lastName":"tkn","batch":20,"contact":{"contactId":1504,"phone":"2547846","emailAddress":"tyak@gmail.com"},"company":{"companyId":1484,"companyName":"tyak","title":"SDET","startDate":"5/12/2019","address":{"addressId":1484,"street":"nowa","city":"Chicago","state":"IL","zipCode":20145}}},{"id":1457,"firstName":"Aria","lastName":"Stark","batch":20,"contact":{"contactId":1477,"phone":"454254356","emailAddress":"aria@yahoo.com"},"company":{"companyId":1457,"companyName":"IronTrone","title":"NoFace","startDate":"12.45.23","address":{"addressId":1457,"street":"state","city":"New Zeland","state":"CA","zipCode":12345}}},{"id":1458,"firstName":"mike","lastName":"unknown","batch":35,"contact":{"contactId":1478,"phone":"7312978234","emailAddress":"abc@gmail.com"},"company":{"companyId":1458,"companyName":"Apple","title":"bye","startDate":"2/30/19fgdsjk","address":{"addressId":1458,"street":"123 main st","city":"Chicago","state":"il","zipCode":60212}}},{"id":1528,"firstName":"BEBEBE","lastName":"BUBUBU","batch":12,"contact":{"contactId":1548,"phone":"1234567890","emailAddress":"asdfad@mail.com"},"company":{"companyId":1528,"companyName":"LJOHPOIU","title":"BIG","startDate":"12/12/12","address":{"addressId":1528,"street":"ADERT 345","city":"ABABA","state":"OK","zipCode":60045}}},{"id":1460,"firstName":"Jn","lastName":"Sith","batch":34,"contact":{"contactId":1480,"phone":"12312312","emailAddress":"adfa@gmail.com"},"company":{"companyId":1460,"companyName":"Chase","title":"Automation","startDate":"12/12/2321","address":{"addressId":1460,"street":"123. some address","city":"Chicago","state":"IL","zipCode":11233}}},{"id":1461,"firstName":"James","lastName":"bond","batch":34,"contact":{"contactId":1481,"phone":"12312312","emailAddress":"adfa@gmail.com"},"company":{"companyId":1461,"companyName":"Chase","title":"Automation","startDate":"12/12/2321","address":{"addressId":1461,"street":"123. some address","city":"Chicago","state":"IL","zipCode":11233}}},{"id":1479,"firstName":"Deniza","lastName":"Panda","batch":11,"contact":{"contactId":1499,"phone":"22455566787","emailAddress":"aipery12.@gmail.com"},"company":{"companyId":1479,"companyName":"panda","title":"QA","startDate":"02/05/2019","address":{"addressId":1479,"street":"2540 w thorndale str","city":"Chicago","state":"IL","zipCode":60659}}},{"id":1483,"firstName":"Muras","lastName":"Club","batch":11,"contact":{"contactId":1503,"phone":"3122133131","emailAddress":"asd@gmail.com"},"company":{"companyId":1483,"companyName":"Cybertek","title":"student","startDate":"02/23/2019","address":{"addressId":1483,"street":"123 River rd","city":"Chicago","state":"IL","zipCode":60694}}},{"id":1485,"firstName":"Andre","lastName":"jackson","batch":11,"contact":{"contactId":1505,"phone":"420290","emailAddress":"abdjak.email"},"company":{"companyId":1485,"companyName":"United","title":"SDET","startDate":"10/20/2019","address":{"addressId":1485,"street":"Manas","city":"Wisconsin","state":"Wisconsin","zipCode":72000}}},{"id":1621,"firstName":"Dan","lastName":"Smith","batch":10,"contact":{"contactId":1641,"phone":"2245556677","emailAddress":"abc@gmail.com"},"company":{"companyId":1621,"companyName":"abc","title":"QA","startDate":"02/05/2019","address":{"addressId":1621,"street":"10 Harrison str","city":"DesPlaines","state":"IL","zipCode":60032}}},{"id":1487,"firstName":"Sam","lastName":"White","batch":12,"contact":{"contactId":1507,"phone":"12334657575","emailAddress":"x@gmail.com"},"company":{"companyId":1487,"companyName":"Cyber","title":"Student","startDate":"10/11/2018","address":{"addressId":1487,"street":"Main","city":"Chicago","state":"IL","zipCode":12345}}},{"id":1500,"firstName":"Bred","lastName":"Pitt","batch":11,"contact":{"contactId":1520,"phone":"8749-7865-4","emailAddress":"bredpitt@gmail.com"},"company":{"companyId":1500,"companyName":"Hollywood","title":"Senior QA","startDate":"25/10/2019","address":{"addressId":1500,"street":"7378 Central Park St","city":"Chicago","state":"IL","zipCode":60634}}},{"id":1501,"firstName":"Bred","lastName":"Pitt","batch":11,"contact":{"contactId":1521,"phone":"8749-7865-4","emailAddress":"bredpitt@gmail.com"},"company":{"companyId":1501,"companyName":"Hollywood","title":"Senior QA","startDate":"25/10/2019","address":{"addressId":1501,"street":"7378 Central Park St","city":"Chicago","state":"IL","zipCode":60634}}},{"id":1504,"firstName":"Han","lastName":"Tal","batch":10,"contact":{"contactId":1524,"phone":"string","emailAddress":"string"},"company":{"companyId":1504,"companyName":"string","title":"string","startDate":"string","address":{"addressId":1504,"street":"string","city":"string","state":"string","zipCode":0}}},{"id":1513,"firstName":"Steve","lastName":"Mcculister","batch":11,"contact":{"contactId":1533,"phone":"8749-4897-4","emailAddress":"mccccccc@gmail.com"},"company":{"companyId":1513,"companyName":"Chase","title":"Senior QA","startDate":"23/1/2019","address":{"addressId":1513,"street":"7378 Ontario","city":"Chicago","state":"IL","zipCode":0}}},{"id":1527,"firstName":"BEBEBE","lastName":"BUBUBU","batch":12,"contact":{"contactId":1547,"phone":"1234567890","emailAddress":"asdfad@mail.com"},"company":{"companyId":1527,"companyName":"LJOHPOIU","title":"BIG","startDate":"12/12/12","address":{"addressId":1527,"street":"ADERT 345","city":"ABABA","state":"OK","zipCode":66666}}},{"id":1532,"firstName":"Bib","lastName":"Ivanov","batch":11,"contact":{"contactId":1552,"phone":"773 456 7890","emailAddress":"weuty12@gmail.com"},"company":{"companyId":1532,"companyName":"ABC Solutions","title":"Tester","startDate":"08/22/2016","address":{"addressId":1532,"street":"Mason 34","city":"Chicago","state":"IL","zipCode":60000}}},{"id":1684,"firstName":"Scanner","lastName":"RandomNum","batch":11,"contact":{"contactId":1704,"phone":"1234567890","emailAddress":"ripscanner@cyber.co"},"company":{"companyId":1684,"companyName":"ABC","title":"SomeTitle","startDate":"02-05-2015","address":{"addressId":1684,"street":"Sesame st.","city":"Chicago","state":"Illinois","zipCode":60605}}},{"id":1689,"firstName":"Gurbanguly","lastName":"Gurbanguly","batch":10,"contact":{"contactId":1709,"phone":"12345","emailAddress":"qwerty"},"company":{"companyId":1689,"companyName":"Gurbanguly","title":"IT","startDate":"12/12/2019","address":{"addressId":1689,"street":null,"city":null,"state":null,"zipCode":60600}}},{"id":1690,"firstName":"kate","lastName":"midl","batch":7,"contact":{"contactId":1710,"phone":null,"emailAddress":null},"company":{"companyId":1690,"companyName":null,"title":null,"startDate":null,"address":{"addressId":1690,"street":null,"city":null,"state":null,"zipCode":0}}},{"id":1821,"firstName":"Dan","lastName":"Smith","batch":10,"contact":{"contactId":1841,"phone":"2245556677","emailAddress":"abc@gmail.com"},"company":{"companyId":1821,"companyName":"abc","title":"QA","startDate":"02/05/2019","address":{"addressId":1821,"street":"10 Harrison str","city":"DesPlaines","state":"IL","zipCode":60032}}},{"id":1440,"firstName":"James","lastName":"Floress","batch":35,"contact":{"contactId":1460,"phone":"7312978234","emailAddress":"abc@gmail.com"},"company":{"companyId":1440,"companyName":"Apple","title":"bye","startDate":"2/30/19fgdsjk","address":{"addressId":1440,"street":"123 main st","city":"Chicago","state":"il","zipCode":60212}}},{"id":1451,"firstName":"Fred","lastName":"Ahmad","batch":35,"contact":{"contactId":1471,"phone":"7312978234","emailAddress":"abc@gmail.com"},"company":{"companyId":1451,"companyName":"Apple","title":"bye","startDate":"2/30/19fgdsjk","address":{"addressId":1451,"street":"123 main st","city":"Chicago","state":"il","zipCode":60212}}},{"id":1508,"firstName":"Dan","lastName":"Smith","batch":10,"contact":{"contactId":1528,"phone":"2245556677","emailAddress":"abc@gmail.com"},"company":{"companyId":1508,"companyName":"abc","title":"QA","startDate":"02/05/2019","address":{"addressId":1508,"street":"10 Harrison str","city":"DesPlaines","state":"IL","zipCode":60032}}},{"id":1516,"firstName":"Devid","lastName":"Cruz","batch":11,"contact":{"contactId":1536,"phone":"145-456-756","emailAddress":"davidcruz@gmail.com"},"company":{"companyId":1516,"companyName":"Amazon","title":"app","startDate":"01/12/2019","address":{"addressId":1516,"street":"Central St","city":"Ukraine","state":"IL","zipCode":60634}}},{"id":1525,"firstName":"Dan","lastName":"Smith","batch":10,"contact":{"contactId":1545,"phone":"2245556677","emailAddress":"abc@gmail.com"},"company":{"companyId":1525,"companyName":"abc","title":"QA","startDate":"02/05/2019","address":{"addressId":1525,"street":"10 Harrison str","city":"DesPlaines","state":"IL","zipCode":60032}}},{"id":1530,"firstName":"Mark","lastName":"Kram","batch":11,"contact":{"contactId":1550,"phone":"2345678909","emailAddress":"fder456@gmail.com"},"company":{"companyId":1530,"companyName":"ABC","title":"Tester","startDate":"08/22/2018","address":{"addressId":1530,"street":"RIver","city":"Chi","state":"IL","zipCode":60001}}},{"id":1538,"firstName":"Adam","lastName":"Johnson","batch":11,"contact":{"contactId":1558,"phone":"8749-4897-4","emailAddress":"kjdablkj@gmail.com"},"company":{"companyId":1538,"companyName":"Chase","title":"Senior QA","startDate":"23/10/2019","address":{"addressId":1538,"street":"7378 Ontario","city":"Chicago","state":"IL","zipCode":0}}},{"id":1539,"firstName":"Adam","lastName":"Johnson","batch":11,"contact":{"contactId":1559,"phone":"8749-4897-4","emailAddress":"kjdablkj@gmail.com"},"company":{"companyId":1539,"companyName":"Chase","title":"Senior QA","startDate":"23/10/2019","address":{"addressId":1539,"street":"7378 Ontario","city":"Chicago","state":"IL","zipCode":0}}},{"id":1540,"firstName":"Adam","lastName":"Johnson","batch":11,"contact":{"contactId":1560,"phone":"8749-4897-4","emailAddress":"kjdablkj@gmail.com"},"company":{"companyId":1540,"companyName":"Chase","title":"Senior QA","startDate":"23/10/2019","address":{"addressId":1540,"street":"7378 Ontario","city":"Chicago","state":"IL","zipCode":0}}},{"id":1541,"firstName":"ZAZU","lastName":"JAN","batch":33,"contact":{"contactId":1561,"phone":"070707070","emailAddress":"adfa@gmail.com"},"company":{"companyId":1541,"companyName":"GooGle","title":"QA Leado","startDate":"07/07/2007","address":{"addressId":1541,"street":"123. some address","city":"Chicago","state":"IL","zipCode":11233}}},{"id":1542,"firstName":"ZAZU","lastName":"JAN","batch":33,"contact":{"contactId":1562,"phone":"070707070","emailAddress":"adfa@gmail.com"},"company":{"companyId":1542,"companyName":"GooGle","title":"QA Leado","startDate":"07/07/2007","address":{"addressId":1542,"street":"123. some address","city":"Chicago","state":"IL","zipCode":11233}}},{"id":1564,"firstName":"Solomon","lastName":"Afanasii","batch":11,"contact":{"contactId":1584,"phone":"12122121","emailAddress":"boogy@gmail.com"},"company":{"companyId":1564,"companyName":"Nova","title":"Qa Engeniie","startDate":"12/25/2019","address":{"addressId":1564,"street":"Boogy-Doogy","city":"Key-West","state":"FL","zipCode":68975}}},{"id":1568,"firstName":"Valeriy","lastName":"Pyatkin","batch":10,"contact":{"contactId":1588,"phone":"711","emailAddress":"ali@jmale.com"},"company":{"companyId":1568,"companyName":"Folino","title":"CEO","startDate":"12/12/2012","address":{"addressId":1568,"street":"Green","city":"Kolonia","state":"Fl","zipCode":33501}}},{"id":1601,"firstName":"Salmon","lastName":"TUNA","batch":11,"contact":{"contactId":1621,"phone":null,"emailAddress":null},"company":{"companyId":1601,"companyName":null,"title":null,"startDate":null,"address":{"addressId":1601,"street":null,"city":null,"state":null,"zipCode":0}}},{"id":1606,"firstName":"Muran","lastName":"Kubil","batch":11,"contact":{"contactId":1626,"phone":"8749-4897-4","emailAddress":"kjdablkj@gmail.com"},"company":{"companyId":1606,"companyName":"Chase","title":"Senior QA","startDate":"23/10/2019","address":{"addressId":1606,"street":"7378 Ontario","city":"Chicago","state":"IL","zipCode":0}}},{"id":1611,"firstName":"Dan","lastName":"Smith","batch":10,"contact":{"contactId":1631,"phone":"2245556677","emailAddress":"abc@gmail.com"},"company":{"companyId":1611,"companyName":"abc","title":"QA","startDate":"02/05/2019","address":{"addressId":1611,"street":"10 Harrison str","city":"DesPlaines","state":"IL","zipCode":60032}}},{"id":1612,"firstName":"Adil","lastName":"string","batch":11,"contact":{"contactId":1632,"phone":"string","emailAddress":"string"},"company":{"companyId":1612,"companyName":"string","title":"string","startDate":"string","address":{"addressId":1612,"street":"string","city":"Omaha","state":"string","zipCode":0}}},{"id":1614,"firstName":"Ionan","lastName":"Link","batch":11,"contact":{"contactId":1634,"phone":"773-569-7474","emailAddress":"nano@gmail.com"},"company":{"companyId":1614,"companyName":"IBM","title":null,"startDate":"10/25/2019","address":{"addressId":1614,"street":"Foster","city":null,"state":"IL","zipCode":0}}},{"id":1615,"firstName":"Ionan","lastName":"Link","batch":11,"contact":{"contactId":1635,"phone":"773-569-7474","emailAddress":"nano@gmail.com"},"company":{"companyId":1615,"companyName":"IBM","title":null,"startDate":"10/25/2019","address":{"addressId":1615,"street":"Foster","city":null,"state":"IL","zipCode":0}}},{"id":1616,"firstName":"Ionan","lastName":"Link","batch":11,"contact":{"contactId":1636,"phone":"773-569-7474","emailAddress":"nano@gmail.com"},"company":{"companyId":1616,"companyName":"IBM","title":null,"startDate":"10/25/2019","address":{"addressId":1616,"street":"Foster","city":null,"state":"IL","zipCode":0}}},{"id":1701,"firstName":"Dan","lastName":"Smith","batch":10,"contact":{"contactId":1721,"phone":"2245556677","emailAddress":"abc@gmail.com"},"company":{"companyId":1701,"companyName":"abc","title":"QA","startDate":"02/05/2019","address":{"addressId":1701,"street":"10 Harrison str","city":"DesPlaines","state":"IL","zipCode":60032}}},{"id":1721,"firstName":"Dan","lastName":"Smith","batch":10,"contact":{"contactId":1741,"phone":"2245556677","emailAddress":"abc@gmail.com"},"company":{"companyId":1721,"companyName":"abc","title":"QA","startDate":"02/05/2019","address":{"addressId":1721,"street":"10 Harrison str","city":"DesPlaines","state":"IL","zipCode":60032}}},{"id":1742,"firstName":"John","lastName":"Smith","batch":15,"contact":{"contactId":1762,"phone":"1234567890","emailAddress":"teacher@gmail.com"},"company":{"companyId":1742,"companyName":"Cybertek","title":"Teacher","startDate":"02/19/18","address":{"addressId":1742,"street":"Belmont Ave","city":"Chicago","state":"IL","zipCode":60657}}},{"id":1743,"firstName":"Smith","lastName":"Smith","batch":15,"contact":{"contactId":1763,"phone":"1234567890","emailAddress":"teacher@gmail.com"},"company":{"companyId":1743,"companyName":"Cybertek","title":"Teacher","startDate":"02/19/18","address":{"addressId":1743,"street":"Belmont Ave","city":"Chicago","state":"IL","zipCode":60657}}},{"id":1744,"firstName":"Smith","lastName":"John","batch":15,"contact":{"contactId":1764,"phone":"1234567890","emailAddress":null},"company":{"companyId":1744,"companyName":"Cybertek","title":"Teacher","startDate":"02/19/18","address":{"addressId":1744,"street":"Belmont Ave","city":"Chicago","state":"IL","zipCode":60657}}},{"id":1745,"firstName":"Smith","lastName":"John","batch":15,"contact":{"contactId":1765,"phone":"1234567890","emailAddress":"teacher@gmail.com"},"company":{"companyId":1745,"companyName":"Cybertek","title":"Teacher","startDate":"02/19/18","address":{"addressId":1745,"street":"Belmont Ave","city":"Chicago","state":"IL","zipCode":60657}}},{"id":1746,"firstName":"Smith","lastName":"John","batch":15,"contact":{"contactId":1766,"phone":"1234567890","emailAddress":"teacher@gmail.com"},"company":{"companyId":1746,"companyName":"Cybertek","title":"Teacher","startDate":"02/19/18","address":{"addressId":1746,"street":"Belmont Ave","city":"Chicago","state":"IL","zipCode":60657}}},{"id":1782,"firstName":"string","lastName":"string","batch":1610,"contact":{"contactId":1802,"phone":"string","emailAddress":"string"},"company":{"companyId":1782,"companyName":"string","title":"string","startDate":"string","address":{"addressId":1782,"street":"string","city":"string","state":"string","zipCode":0}}},{"id":1376,"firstName":"Alana ","lastName":"Bob","batch":11,"contact":{"contactId":1396,"phone":"767667676","emailAddress":"string"},"company":{"companyId":1376,"companyName":"ABC","title":"student","startDate":"06/27/2018","address":{"addressId":1376,"street":"Des Plains","city":"Chicago","state":"IL","zipCode":60656}}},{"id":1377,"firstName":"John","lastName":"Smith","batch":34,"contact":{"contactId":1397,"phone":"12312312","emailAddress":"adfa@gmail.com"},"company":{"companyId":1377,"companyName":"Chase","title":"Automation","startDate":"12/12/2321","address":{"addressId":1377,"street":"123. some address","city":"Chicago","state":"IL","zipCode":11233}}},{"id":1467,"firstName":"Addy","lastName":"Martin","batch":34,"contact":{"contactId":1487,"phone":"123123123","emailAddress":"bestdealz@gmail.com"},"company":{"companyId":1467,"companyName":"Best Dealz","title":"Liq","startDate":"Sep 13,2016","address":{"addressId":1467,"street":"123 East Main St.","city":"Columbus","state":"OH","zipCode":43235}}},{"id":1607,"firstName":"AB","lastName":"JSn","batch":11,"contact":{"contactId":1627,"phone":"928507","emailAddress":"dn@"},"company":{"companyId":1607,"companyName":"ljdc","title":"qa","startDate":"12/21/2019","address":{"addressId":1607,"street":"OKO","city":"CHI","state":"IL","zipCode":808}}},{"id":1372,"firstName":"Alan ","lastName":"Bob","batch":11,"contact":{"contactId":1392,"phone":"767667676","emailAddress":"string"},"company":{"companyId":1372,"companyName":"ABC","title":"student","startDate":"06/27/2018","address":{"addressId":1372,"street":"Des Plains","city":"Chicago","state":"IL","zipCode":60656}}},{"id":1368,"firstName":"string","lastName":"string","batch":11,"contact":{"contactId":1388,"phone":"string","emailAddress":"string"},"company":{"companyId":1368,"companyName":"string","title":"string","startDate":"string","address":{"addressId":1368,"street":"string","city":"string","state":"string","zipCode":0}}},{"id":1370,"firstName":"Edw","lastName":"Collins","batch":11,"contact":{"contactId":1390,"phone":"7786785678","emailAddress":"di.din@gmail.com"},"company":{"companyId":1370,"companyName":"Facebook","title":"SDET","startDate":"02.23.2019","address":{"addressId":1370,"street":"123 Main str","city":"City","state":"IL","zipCode":60659}}},{"id":1533,"firstName":"Bib","lastName":"Ivanov","batch":11,"contact":{"contactId":1553,"phone":"773 456 7890","emailAddress":"weuty12@gmail.com"},"company":{"companyId":1533,"companyName":"ABC Solutions","title":"Tester","startDate":"08/22/2016","address":{"addressId":1533,"street":"Mason 34","city":"Chicago","state":"IL","zipCode":60000}}},{"id":1581,"firstName":"Saeed","lastName":"Syburhonov","batch":34,"contact":{"contactId":1601,"phone":"12312312","emailAddress":"adfa@gmail.com"},"company":{"companyId":1581,"companyName":"ByteMe&Co","title":"Sitter","startDate":"12/12/2321","address":{"addressId":1581,"street":"123. some address","city":"Chicago","state":"IL","zipCode":11233}}},{"id":1375,"firstName":"string","lastName":"string","batch":87,"contact":{"contactId":1395,"phone":"string","emailAddress":"string"},"company":{"companyId":1375,"companyName":"string","title":"string","startDate":"string","address":{"addressId":1375,"street":"string","city":"string","state":"string","zipCode":0}}},{"id":1378,"firstName":"Stephan","lastName":"King","batch":11,"contact":{"contactId":1398,"phone":"345987652","emailAddress":"123abc@gmail.com"},"company":{"companyId":1378,"companyName":"Cybertek","title":"student","startDate":"09/12/19","address":{"addressId":1378,"street":"River Road","city":"Chicago","state":"IL","zipCode":60455}}},{"id":1468,"firstName":"Addy","lastName":"Martin","batch":34,"contact":{"contactId":1488,"phone":"123123123","emailAddress":"bestdealz@gmail.com"},"company":{"companyId":1468,"companyName":"Best Dealz","title":"Liq","startDate":"Sep 13,2016","address":{"addressId":1468,"street":"123 East Main St.","city":"Columbus","state":"OH","zipCode":43235}}},{"id":1470,"firstName":"master","lastName":"tester","batch":11,"contact":{"contactId":1490,"phone":"string","emailAddress":"string"},"company":{"companyId":1470,"companyName":"string","title":"string","startDate":"string","address":{"addressId":1470,"street":"NOWHERE","city":"NOWHERE","state":"NOWHERE","zipCode":55555}}},{"id":1473,"firstName":"James","lastName":"Bond","batch":34,"contact":{"contactId":1493,"phone":"3237941234","emailAddress":"Email@gmail.com"},"company":{"companyId":1473,"companyName":"Chase","title":"Automation","startDate":"12/12/2321","address":{"addressId":1473,"street":"123. some address","city":"Chicago","state":"IL","zipCode":11233}}},{"id":1511,"firstName":"Walter","lastName":"White","batch":10,"contact":{"contactId":1531,"phone":"123-456-789","emailAddress":"google@gmail.com"},"company":{"companyId":1511,"companyName":"Google","title":"APllication","startDate":"01/12/2018","address":{"addressId":1511,"street":"ul Tolebi","city":"Tashkent","state":"IL","zipCode":60015}}},{"id":1526,"firstName":"string","lastName":"string","batch":8,"contact":{"contactId":1546,"phone":"string","emailAddress":"string"},"company":{"companyId":1526,"companyName":"string","title":"string","startDate":"string","address":{"addressId":1526,"street":"string","city":"string","state":"string","zipCode":0}}},{"id":1534,"firstName":"Adam","lastName":"Johnson","batch":11,"contact":{"contactId":1554,"phone":"8749-4897-4","emailAddress":"kjdablkj@gmail.com"},"company":{"companyId":1534,"companyName":"Chase","title":"Senior QA","startDate":"23/10/2019","address":{"addressId":1534,"street":"7378 Ontario","city":"Chicago","state":"IL","zipCode":0}}},{"id":1544,"firstName":"Adam","lastName":"Johnson","batch":11,"contact":{"contactId":1564,"phone":"8749-4897-4","emailAddress":"kjdablkj@gmail.com"},"company":{"companyId":1544,"companyName":"Chase","title":"Senior QA","startDate":"23/10/2019","address":{"addressId":1544,"street":"7378 Ontario","city":"Chicago","state":"IL","zipCode":0}}},{"id":1545,"firstName":"Adam","lastName":"Johnson","batch":11,"contact":{"contactId":1565,"phone":"8749-4897-4","emailAddress":"kjdablkj@gmail.com"},"company":{"companyId":1545,"companyName":"Chase","title":"Senior QA","startDate":"23/10/2019","address":{"addressId":1545,"street":"7378 Ontario","city":"Chicago","state":"IL","zipCode":0}}},{"id":1565,"firstName":"Solomon","lastName":"Afanasii","batch":11,"contact":{"contactId":1585,"phone":"12122121","emailAddress":"boogy@gmail.com"},"company":{"companyId":1565,"companyName":"Nova","title":"Qa Engeniie","startDate":"12/25/2019","address":{"addressId":1565,"street":"Boogy-Doogy","city":"Key-West","state":"FL","zipCode":68975}}},{"id":1566,"firstName":"Solomon","lastName":"Afanasii","batch":11,"contact":{"contactId":1586,"phone":"12122121","emailAddress":"boogy@gmail.com"},"company":{"companyId":1566,"companyName":"Nova","title":"Qa Engeniie","startDate":"12/25/2019","address":{"addressId":1566,"street":"Boogy-Doogy","city":"Key-West","state":"FL","zipCode":68975}}},{"id":1604,"firstName":"Maran","lastName":"Kubal","batch":11,"contact":{"contactId":1624,"phone":"8749-4897-4","emailAddress":"kjdablkj@gmail.com"},"company":{"companyId":1604,"companyName":"Chase","title":"Senior QA","startDate":"23/10/2019","address":{"addressId":1604,"street":"7378 Ontario","city":"Chicago","state":"IL","zipCode":0}}},{"id":1642,"firstName":"Dan","lastName":"Smith","batch":10,"contact":{"contactId":1662,"phone":"2245556677","emailAddress":"abc@gmail.com"},"company":{"companyId":1642,"companyName":"abc","title":"QA","startDate":"02/05/2019","address":{"addressId":1642,"street":"10 Harrison str","city":"DesPlaines","state":"IL","zipCode":60032}}},{"id":1692,"firstName":"Dan","lastName":"Smith","batch":10,"contact":{"contactId":1712,"phone":"2245556677","emailAddress":"abc@gmail.com"},"company":{"companyId":1692,"companyName":"abc","title":"QA","startDate":"02/05/2019","address":{"addressId":1692,"street":"10 Harrison str","city":"DesPlaines","state":"IL","zipCode":60032}}},{"id":1693,"firstName":"Elvira","lastName":"Gerhardt","batch":11,"contact":{"contactId":1713,"phone":"+43123987646","emailAddress":"elv@yahoo.com"},"company":{"companyId":1693,"companyName":null,"title":"API","startDate":"01/11/2011","address":{"addressId":1693,"street":"Starnberger straße","city":"München","state":"Germany","zipCode":62623}}},{"id":1748,"firstName":"Dan","lastName":"Smith","batch":10,"contact":{"contactId":1768,"phone":"2245556677","emailAddress":"abc@gmail.com"},"company":{"companyId":1748,"companyName":"abc","title":"QA","startDate":"02/05/2019","address":{"addressId":1748,"street":"10 Harrison str","city":"DesPlaines","state":"IL","zipCode":60032}}},{"id":1783,"firstName":"string","lastName":"string","batch":1610,"contact":{"contactId":1803,"phone":"string","emailAddress":"string"},"company":{"companyId":1783,"companyName":"string","title":"string","startDate":"string","address":{"addressId":1783,"street":"string","city":"string","state":"string","zipCode":0}}},{"id":1801,"firstName":"Dan","lastName":"Smith","batch":10,"contact":{"contactId":1821,"phone":"2245556677","emailAddress":"abc@gmail.com"},"company":{"companyId":1801,"companyName":"abc","title":"QA","startDate":"02/05/2019","address":{"addressId":1801,"street":"10 Harrison str","city":"DesPlaines","state":"IL","zipCode":60032}}},{"id":1362,"firstName":"Mike","lastName":"Steven","batch":7,"contact":{"contactId":1382,"phone":"444 334 3443","emailAddress":"something@yahoo.com"},"company":{"companyId":1362,"companyName":"Cybertek","title":"QA","startDate":"04/30/2019","address":{"addressId":1362,"street":"Western","city":"Chicago","state":"IL","zipCode":44523}}},{"id":1613,"firstName":"Adil","lastName":"string","batch":11,"contact":{"contactId":1633,"phone":"string","emailAddress":"string"},"company":{"companyId":1613,"companyName":"string","title":"string","startDate":"string","address":{"addressId":1613,"street":"string","city":"Oregon","state":"string","zipCode":0}}},{"id":1491,"firstName":"yayus","lastName":"tkn","batch":20,"contact":{"contactId":1511,"phone":"2547846","emailAddress":"tyak@gmail.com"},"company":{"companyId":1491,"companyName":"tyak","title":"SDET","startDate":"5/12/2019","address":{"addressId":1491,"street":"nowa","city":"Chicago","state":"IL","zipCode":20145}}},{"id":1617,"firstName":"Adyna","lastName":"Link","batch":11,"contact":{"contactId":1637,"phone":"773-569-7474","emailAddress":"nano@gmail.com"},"company":{"companyId":1617,"companyName":"IBM","title":null,"startDate":"10/25/2019","address":{"addressId":1617,"street":null,"city":null,"state":null,"zipCode":0}}},{"id":1619,"firstName":"Dan","lastName":"Smith","batch":10,"contact":{"contactId":1639,"phone":"2245556677","emailAddress":"abc@gmail.com"},"company":{"companyId":1619,"companyName":"abc","title":"QA","startDate":"02/05/2019","address":{"addressId":1619,"street":"10 Harrison str","city":"DesPlaines","state":"IL","zipCode":60032}}},{"id":1447,"firstName":"Akash","lastName":"Bramhbath","batch":35,"contact":{"contactId":1467,"phone":"7312978234","emailAddress":"abc@gmail.com"},"company":{"companyId":1447,"companyName":"Apple","title":"bye","startDate":"2/30/19fgdsjk","address":{"addressId":1447,"street":"123 main st","city":"Chicago","state":"il","zipCode":60212}}},{"id":1641,"firstName":"Dan","lastName":"Smith","batch":10,"contact":{"contactId":1661,"phone":"2245556677","emailAddress":"abc@gmail.com"},"company":{"companyId":1641,"companyName":"abc","title":"QA","startDate":"02/05/2019","address":{"addressId":1641,"street":"10 Harrison str","city":"DesPlaines","state":"IL","zipCode":60032}}},{"id":1432,"firstName":"QUENTIN","lastName":"TARANTINO","batch":606,"contact":{"contactId":1452,"phone":"333-333-33-33","emailAddress":"tarantino@director.com"},"company":{"companyId":1432,"companyName":null,"title":"PRODUCER","startDate":"01/01/1990","address":{"addressId":1432,"street":null,"city":"NEW YORK CITY","state":"NEW YORK","zipCode":0}}},{"id":1433,"firstName":"Aidina","lastName":"Bekturova","batch":11,"contact":{"contactId":1453,"phone":"5137812156","emailAddress":"aidina9364@gmail.com"},"company":{"companyId":1433,"companyName":"cybertek ","title":"java","startDate":"february 23","address":{"addressId":1433,"street":"2700 S river road","city":"chicago","state":"il","zipCode":6785}}},{"id":1434,"firstName":"Marina","lastName":"Samsonova","batch":34,"contact":{"contactId":1454,"phone":"12312312","emailAddress":"ddda@gmail.com"},"company":{"companyId":1434,"companyName":"Discover Financial","title":"Automation","startDate":"12/12/2321","address":{"addressId":1434,"street":"123 main st","city":"Chicago","state":"IL","zipCode":60060}}},{"id":1435,"firstName":"aa","lastName":"aa","batch":123,"contact":{"contactId":1455,"phone":"1234567890","emailAddress":"aa@gmail.com"},"company":{"companyId":1435,"companyName":"aa","title":"aa","startDate":"12/12/2321","address":{"addressId":1435,"street":"aa","city":"aa","state":"aa","zipCode":12345}}},{"id":1661,"firstName":"Dan","lastName":"Smith","batch":10,"contact":{"contactId":1681,"phone":"2245556677","emailAddress":"abc@gmail.com"},"company":{"companyId":1661,"companyName":"abc","title":"QA","startDate":"02/05/2019","address":{"addressId":1661,"street":"10 Harrison str","city":"DesPlaines","state":"IL","zipCode":60032}}},{"id":1437,"firstName":"Sara","lastName":"Long","batch":10,"contact":{"contactId":1457,"phone":"1234567890","emailAddress":"il@gmail.com"},"company":{"companyId":1437,"companyName":"string","title":"string","startDate":"string","address":{"addressId":1437,"street":"string","city":"string","state":"string","zipCode":0}}},{"id":1438,"firstName":"Sara","lastName":"Long","batch":10,"contact":{"contactId":1458,"phone":"1234567890","emailAddress":"il@gmail.com"},"company":{"companyId":1438,"companyName":"string","title":"string","startDate":"string","address":{"addressId":1438,"street":"string","city":"string","state":"string","zipCode":0}}},{"id":1439,"firstName":"Raymond","lastName":"Floress","batch":35,"contact":{"contactId":1459,"phone":"7312978234","emailAddress":"abc@gmail.com"},"company":{"companyId":1439,"companyName":"Apple","title":"bye","startDate":"2/30/19fgdsjk","address":{"addressId":1439,"street":"123 main st","city":"Chicago","state":"il","zipCode":60212}}},{"id":1441,"firstName":"Britney","lastName":"Spears","batch":34,"contact":{"contactId":1461,"phone":"773123127","emailAddress":"britney@gmail.com"},"company":{"companyId":1441,"companyName":"BOA","title":"Automation","startDate":"12/20/2321","address":{"addressId":1441,"street":"123. some address","city":"Chicago","state":"IL","zipCode":11233}}},{"id":1442,"firstName":"ERTOGRUL","lastName":"KAY","batch":32,"contact":{"contactId":1462,"phone":"12312312","emailAddress":"fa@gmail.com"},"company":{"companyId":1442,"companyName":"Chase","title":"Automation","startDate":"12/12/2321","address":{"addressId":1442,"street":"123. some address","city":"Chicago","state":"IL","zipCode":1233}}},{"id":1492,"firstName":"STEVEN","lastName":"MARK","batch":19,"contact":{"contactId":1512,"phone":"222-200-2222","emailAddress":"ALICAN@GMAIL.COM"},"company":{"companyId":1492,"companyName":"MILKA","title":"DRIVER","startDate":"07/01/2019","address":{"addressId":1492,"street":"River Road","city":"Des Plaines","state":"IL","zipCode":60018}}},{"id":1444,"firstName":"BART","lastName":"Simpson","batch":45,"contact":{"contactId":1464,"phone":"8787854","emailAddress":"a;slk"},"company":{"companyId":1444,"companyName":"magacom","title":"Sheff","startDate":"87","address":{"addressId":1444,"street":"5 mkr","city":"Bishkek","state":"Chui","zipCode":7777}}},{"id":1445,"firstName":"Zara","lastName":"Ashfak","batch":24,"contact":{"contactId":1465,"phone":"111111111","emailAddress":"zara@gmail.com"},"company":{"companyId":1445,"companyName":"Zara","title":"SDET","startDate":"12/12/2021","address":{"addressId":1445,"street":"2700 S River road","city":"Chicago","state":"IL","zipCode":600012}}},{"id":1446,"firstName":"BonD","lastName":"SupeR","batch":77,"contact":{"contactId":1466,"phone":"99999999","emailAddress":"adfa@gmail.com"},"company":{"companyId":1446,"companyName":"Cyber","title":"QAT","startDate":"07/07/2007","address":{"addressId":1446,"street":"123. some address","city":"Chicago","state":"IL","zipCode":11233}}},{"id":1448,"firstName":"Bob","lastName":"Limpopo","batch":100,"contact":{"contactId":1468,"phone":"6547657634547","emailAddress":"treee@gmail.com"},"company":{"companyId":1448,"companyName":"Childhood","title":"QA","startDate":"09/22/2019","address":{"addressId":1448,"street":"Omaha","city":"Park Ridge","state":"Il","zipCode":30000}}},{"id":1449,"firstName":"John","lastName":"Smith","batch":34,"contact":{"contactId":1469,"phone":"12312312","emailAddress":"adfa@gmail.com"},"company":{"companyId":1449,"companyName":"Chase","title":"Automation","startDate":"12/12/2321","address":{"addressId":1449,"street":"123. some address","city":"Chicago","state":"IL","zipCode":11233}}},{"id":1682,"firstName":"Dan","lastName":"Smith","batch":10,"contact":{"contactId":1702,"phone":"2245556677","emailAddress":"abc@gmail.com"},"company":{"companyId":1682,"companyName":"abc","title":"QA","startDate":"02/05/2019","address":{"addressId":1682,"street":"10 Harrison str","city":"DesPlaines","state":"IL","zipCode":60032}}},{"id":1462,"firstName":"Dala","lastName":"Luci","batch":32,"contact":{"contactId":1482,"phone":"456","emailAddress":"qwert@gmail.com"},"company":{"companyId":1462,"companyName":"Chase","title":"Automation","startDate":"12/12/2021","address":{"addressId":1462,"street":"river road","city":"Chicago","state":"IL","zipCode":60015}}},{"id":1463,"firstName":"John","lastName":"Smith","batch":34,"contact":{"contactId":1483,"phone":"12312312","emailAddress":"adfa@gmail.com"},"company":{"companyId":1463,"companyName":"Chase","title":"Automation","startDate":"12/12/2321","address":{"addressId":1463,"street":"123. some address","city":"Chicago","state":"IL","zipCode":11233}}},{"id":1464,"firstName":"Saeed","lastName":"Smith","batch":34,"contact":{"contactId":1484,"phone":"12312312","emailAddress":"adfa@gmail.com"},"company":{"companyId":1464,"companyName":"Chase","title":"Automation","startDate":"12/12/2321","address":{"addressId":1464,"street":"123. some address","city":"Chicago","state":"IL","zipCode":11233}}},{"id":1465,"firstName":"Jack","lastName":"Daniel","batch":11,"contact":{"contactId":1485,"phone":"239704304832","emailAddress":"kama@gmail.com"},"company":{"companyId":1465,"companyName":"Cybertek","title":"Automation","startDate":"02/23/2019.","address":{"addressId":1465,"street":"River Road","city":"Chicago","state":"Illinois","zipCode":60016}}},{"id":1466,"firstName":"JONNY","lastName":"SINS","batch":11,"contact":{"contactId":1486,"phone":"0900","emailAddress":"johnysins@gmail.com"},"company":{"companyId":1466,"companyName":"Cybertek","title":"string","startDate":"string","address":{"addressId":1466,"street":"string","city":"Chicago","state":"IL","zipCode":0}}},{"id":1529,"firstName":"Tarik","lastName":"Bond","batch":22,"contact":{"contactId":1549,"phone":"12345678","emailAddress":"johnsmith@yahoo.com"},"company":{"companyId":1529,"companyName":"Google","title":"IT","startDate":"16/11/1975","address":{"addressId":1529,"street":"some adress","city":"Naperville","state":"IL","zipCode":1585}}},{"id":1472,"firstName":"master","lastName":"tester","batch":11,"contact":{"contactId":1492,"phone":"string","emailAddress":"string"},"company":{"companyId":1472,"companyName":"string","title":"string","startDate":"string","address":{"addressId":1472,"street":"NOWHERE","city":"NOWHERE","state":"NOWHEREorh","zipCode":55555}}},{"id":1476,"firstName":"jAMES","lastName":"Kevin","batch":11,"contact":{"contactId":1496,"phone":"string","emailAddress":"string"},"company":{"companyId":1476,"companyName":"string","title":"string","startDate":"string","address":{"addressId":1476,"street":"string","city":"string","state":"string","zipCode":0}}},{"id":1502,"firstName":"Dan","lastName":"Smith","batch":10,"contact":{"contactId":1522,"phone":"2245556677","emailAddress":"abc@gmail.com"},"company":{"companyId":1502,"companyName":"abc","title":"QA","startDate":"02/05/2019","address":{"addressId":1502,"street":"10 Harrison str","city":"DesPlaines","state":"IL","zipCode":60032}}},{"id":1478,"firstName":"BS","lastName":"SB","batch":12,"contact":{"contactId":1498,"phone":"123456798","emailAddress":"qa@gmail.com"},"company":{"companyId":1478,"companyName":"BST","title":"QA Lead","startDate":"September 2019","address":{"addressId":1478,"street":"River Road","city":"Chicago","state":"IL","zipCode":60606}}},{"id":1503,"firstName":"Tim","lastName":"Timson","batch":11,"contact":{"contactId":1523,"phone":"999-999-99-00","emailAddress":"email@gmail.com"},"company":{"companyId":1503,"companyName":"cybertek","title":"BA","startDate":"June 12","address":{"addressId":1503,"street":"River rd","city":"Chicago","state":"IL","zipCode":77077}}},{"id":1505,"firstName":"Harry","lastName":"Potter","batch":11,"contact":{"contactId":1525,"phone":"8749-2345-4","emailAddress":"harrypotter@gmail.com"},"company":{"companyId":1505,"companyName":"Hogwartz","title":"unknown","startDate":"01/01/2019","address":{"addressId":1505,"street":"2700 South street","city":"London","state":"GB","zipCode":0}}},{"id":1683,"firstName":"Scanner","lastName":"RandomNum","batch":11,"contact":{"contactId":1703,"phone":"1234567890","emailAddress":"ripscanner@cyber.co"},"company":{"companyId":1683,"companyName":"ABC","title":"SomeTitle","startDate":"02-05-2015","address":{"addressId":1683,"street":"Kedzie","city":"Chicago","state":"Illinois","zipCode":60605}}},{"id":1543,"firstName":"Adam","lastName":"Johnson","batch":11,"contact":{"contactId":1563,"phone":"8749-4897-4","emailAddress":"kjdablkj@gmail.com"},"company":{"companyId":1543,"companyName":"Chase","title":"Senior QA","startDate":"23/10/2019","address":{"addressId":1543,"street":"7378 Ontario","city":"Chicago","state":"IL","zipCode":0}}},{"id":1514,"firstName":"Steve","lastName":"Mcculister","batch":11,"contact":{"contactId":1534,"phone":"8749-4897-4","emailAddress":"mccccccc@gmail.com"},"company":{"companyId":1514,"companyName":"Chase","title":"Senior QA","startDate":"23/1/2019","address":{"addressId":1514,"street":"7378 Ontario","city":"Chicago","state":"IL","zipCode":0}}},{"id":1687,"firstName":"Jemshit","lastName":"Yakubov","batch":10,"contact":{"contactId":1707,"phone":"12345","emailAddress":"qwerty"},"company":{"companyId":1687,"companyName":"Jemshit","title":"IT","startDate":"12/12/2019","address":{"addressId":1687,"street":"11mkr","city":"TM","state":"AG","zipCode":60600}}},{"id":1524,"firstName":"Doka","lastName":"Hifromsal","batch":13,"contact":{"contactId":1544,"phone":"1231231234","emailAddress":"something@gmail.com"},"company":{"companyId":1524,"companyName":"Cybertek","title":"Student","startDate":"September 2019","address":{"addressId":1524,"street":"2700 S River Rd Suite 402","city":"Des Plaines","state":"IL","zipCode":60018}}},{"id":1546,"firstName":"Adam","lastName":"Johnson","batch":11,"contact":{"contactId":1566,"phone":"8749-4897-4","emailAddress":"kjdablkj@gmail.com"},"company":{"companyId":1546,"companyName":"Chase","title":"Senior QA","startDate":"23/10/2019","address":{"addressId":1546,"street":"7378 Ontario","city":"Chicago","state":"IL","zipCode":0}}},{"id":1569,"firstName":"Dan","lastName":"Smith","batch":10,"contact":{"contactId":1589,"phone":"2245556677","emailAddress":"abc@gmail.com"},"company":{"companyId":1569,"companyName":"abc","title":"QA","startDate":"02/05/2019","address":{"addressId":1569,"street":"10 Harrison str","city":"DesPlaines","state":"IL","zipCode":60032}}},{"id":1702,"firstName":"Botirboy","lastName":"Tavarali","batch":8,"contact":{"contactId":1722,"phone":"string","emailAddress":"string"},"company":{"companyId":1702,"companyName":"APPLE","title":"SDET","startDate":"9/12/2019","address":{"addressId":1702,"street":"2121 riverPlace","city":"Austin","state":"TX","zipCode":78660}}},{"id":1703,"firstName":"Botirboy","lastName":"Tavarali","batch":8,"contact":{"contactId":1723,"phone":"2102102102","emailAddress":"tavarali@gmail.com"},"company":{"companyId":1703,"companyName":"APPLE","title":"SDET","startDate":"9/12/2019","address":{"addressId":1703,"street":"2121 riverPlace","city":"Austin","state":"TX","zipCode":78660}}},{"id":1762,"firstName":"Dan","lastName":"Smith","batch":10,"contact":{"contactId":1782,"phone":"2245556677","emailAddress":"abc@gmail.com"},"company":{"companyId":1762,"companyName":"abc","title":"QA","startDate":"02/05/2019","address":{"addressId":1762,"street":"10 Harrison str","city":"DesPlaines","state":"IL","zipCode":60032}}},{"id":1781,"firstName":"Dan","lastName":"Smith","batch":10,"contact":{"contactId":1801,"phone":"2245556677","emailAddress":"abc@gmail.com"},"company":{"companyId":1781,"companyName":"abc","title":"QA","startDate":"02/05/2019","address":{"addressId":1781,"street":"10 Harrison str","city":"DesPlaines","state":"IL","zipCode":60032}}},{"id":1822,"firstName":"Dan","lastName":"Smith","batch":10,"contact":{"contactId":1842,"phone":"2245556677","emailAddress":"abc@gmail.com"},"company":{"companyId":1822,"companyName":"abc","title":"QA","startDate":"02/05/2019","address":{"addressId":1822,"street":"10 Harrison str","city":"DesPlaines","state":"IL","zipCode":60032}}}]}
kjdablkj@gmail.com
marry@gmail.com
string
]]></system-out>
    <system-err><![CDATA[SLF4J: Failed to load class "org.slf4j.impl.StaticLoggerBinder".
SLF4J: Defaulting to no-operation (NOP) logger implementation
SLF4J: See http://www.slf4j.org/codes.html#StaticLoggerBinder for further details.
]]></system-err>
  </testcase>
</testsuite>